<<<<<<< HEAD
CRITICAL - 2024-09-25 10:07:43 --> ErrorException: Undefined property: App\Controllers\Visiteur::$load
[Method: GET, Route: visiteur/voirCalculDepense]
in APPPATH\Controllers\Visiteur.php on line 29.
 1 APPPATH\Controllers\Visiteur.php(29): CodeIgniter\Debug\Exceptions->errorHandler(2, 'Undefined property: App\\Controllers\\Visiteur::$load', 'C:\\xampp\\htdocs\\TurboCholestérol\\app\\Controllers\\Visiteur.php', 29)
 2 SYSTEMPATH\CodeIgniter.php(933): App\Controllers\Visiteur->voirCalculDepense()
 3 SYSTEMPATH\CodeIgniter.php(509): CodeIgniter\CodeIgniter->runController(Object(App\Controllers\Visiteur))
 4 SYSTEMPATH\CodeIgniter.php(355): CodeIgniter\CodeIgniter->handleRequest(null, Object(Config\Cache), false)
 5 SYSTEMPATH\Boot.php(325): CodeIgniter\CodeIgniter->run()
 6 SYSTEMPATH\Boot.php(67): CodeIgniter\Boot::runCodeIgniter(Object(CodeIgniter\CodeIgniter))
 7 FCPATH\index.php(56): CodeIgniter\Boot::bootWeb(Object(Config\Paths))
 8 SYSTEMPATH\rewrite.php(44): require_once('C:\\xampp\\htdocs\\TurboCholestérol\\public\\index.php')
CRITICAL - 2024-09-25 10:07:46 --> ErrorException: Undefined property: App\Controllers\Visiteur::$load
[Method: GET, Route: visiteur/voirCalculDepense]
in APPPATH\Controllers\Visiteur.php on line 29.
 1 APPPATH\Controllers\Visiteur.php(29): CodeIgniter\Debug\Exceptions->errorHandler(2, 'Undefined property: App\\Controllers\\Visiteur::$load', 'C:\\xampp\\htdocs\\TurboCholestérol\\app\\Controllers\\Visiteur.php', 29)
 2 SYSTEMPATH\CodeIgniter.php(933): App\Controllers\Visiteur->voirCalculDepense()
 3 SYSTEMPATH\CodeIgniter.php(509): CodeIgniter\CodeIgniter->runController(Object(App\Controllers\Visiteur))
 4 SYSTEMPATH\CodeIgniter.php(355): CodeIgniter\CodeIgniter->handleRequest(null, Object(Config\Cache), false)
 5 SYSTEMPATH\Boot.php(325): CodeIgniter\CodeIgniter->run()
 6 SYSTEMPATH\Boot.php(67): CodeIgniter\Boot::runCodeIgniter(Object(CodeIgniter\CodeIgniter))
 7 FCPATH\index.php(56): CodeIgniter\Boot::bootWeb(Object(Config\Paths))
 8 SYSTEMPATH\rewrite.php(44): require_once('C:\\xampp\\htdocs\\TurboCholestérol\\public\\index.php')
CRITICAL - 2024-09-25 10:08:13 --> ErrorException: Undefined property: App\Controllers\Visiteur::$load
[Method: GET, Route: visiteur/voirCalculDepense]
in APPPATH\Controllers\Visiteur.php on line 29.
 1 APPPATH\Controllers\Visiteur.php(29): CodeIgniter\Debug\Exceptions->errorHandler(2, 'Undefined property: App\\Controllers\\Visiteur::$load', 'C:\\xampp\\htdocs\\TurboCholestérol\\app\\Controllers\\Visiteur.php', 29)
 2 SYSTEMPATH\CodeIgniter.php(933): App\Controllers\Visiteur->voirCalculDepense()
 3 SYSTEMPATH\CodeIgniter.php(509): CodeIgniter\CodeIgniter->runController(Object(App\Controllers\Visiteur))
 4 SYSTEMPATH\CodeIgniter.php(355): CodeIgniter\CodeIgniter->handleRequest(null, Object(Config\Cache), false)
 5 SYSTEMPATH\Boot.php(325): CodeIgniter\CodeIgniter->run()
 6 SYSTEMPATH\Boot.php(67): CodeIgniter\Boot::runCodeIgniter(Object(CodeIgniter\CodeIgniter))
 7 FCPATH\index.php(56): CodeIgniter\Boot::bootWeb(Object(Config\Paths))
 8 SYSTEMPATH\rewrite.php(44): require_once('C:\\xampp\\htdocs\\TurboCholestérol\\public\\index.php')
CRITICAL - 2024-09-25 10:08:39 --> ErrorException: Undefined property: App\Controllers\Visiteur::$load
[Method: GET, Route: visiteur/voirCalculDepense]
in APPPATH\Controllers\Visiteur.php on line 29.
 1 APPPATH\Controllers\Visiteur.php(29): CodeIgniter\Debug\Exceptions->errorHandler(2, 'Undefined property: App\\Controllers\\Visiteur::$load', 'C:\\xampp\\htdocs\\TurboCholestérol\\app\\Controllers\\Visiteur.php', 29)
 2 SYSTEMPATH\CodeIgniter.php(933): App\Controllers\Visiteur->voirCalculDepense()
 3 SYSTEMPATH\CodeIgniter.php(509): CodeIgniter\CodeIgniter->runController(Object(App\Controllers\Visiteur))
 4 SYSTEMPATH\CodeIgniter.php(355): CodeIgniter\CodeIgniter->handleRequest(null, Object(Config\Cache), false)
 5 SYSTEMPATH\Boot.php(325): CodeIgniter\CodeIgniter->run()
 6 SYSTEMPATH\Boot.php(67): CodeIgniter\Boot::runCodeIgniter(Object(CodeIgniter\CodeIgniter))
 7 FCPATH\index.php(56): CodeIgniter\Boot::bootWeb(Object(Config\Paths))
 8 SYSTEMPATH\rewrite.php(44): require_once('C:\\xampp\\htdocs\\TurboCholestérol\\public\\index.php')
CRITICAL - 2024-09-25 10:18:19 --> TypeError: CodeIgniter\Validation\Validation::setRules(): Argument #1 ($rules) must be of type array, CodeIgniter\Validation\Validation given, called in C:\xampp\htdocs\TurboCholestérol\system\Controller.php on line 181
[Method: GET, Route: visiteur/voirCalculDepense]
in SYSTEMPATH\Validation\Validation.php on line 590.
 1 SYSTEMPATH\Controller.php(181): CodeIgniter\Validation\Validation->setRules(Object(CodeIgniter\Validation\Validation), [])
 2 SYSTEMPATH\Controller.php(135): CodeIgniter\Controller->setValidator(Object(CodeIgniter\Validation\Validation), [])
 3 APPPATH\Controllers\Visiteur.php(33): CodeIgniter\Controller->validate(Object(CodeIgniter\Validation\Validation))
 4 SYSTEMPATH\CodeIgniter.php(933): App\Controllers\Visiteur->voirCalculDepense()
 5 SYSTEMPATH\CodeIgniter.php(509): CodeIgniter\CodeIgniter->runController(Object(App\Controllers\Visiteur))
 6 SYSTEMPATH\CodeIgniter.php(355): CodeIgniter\CodeIgniter->handleRequest(null, Object(Config\Cache), false)
 7 SYSTEMPATH\Boot.php(325): CodeIgniter\CodeIgniter->run()
 8 SYSTEMPATH\Boot.php(67): CodeIgniter\Boot::runCodeIgniter(Object(CodeIgniter\CodeIgniter))
 9 FCPATH\index.php(56): CodeIgniter\Boot::bootWeb(Object(Config\Paths))
10 SYSTEMPATH\rewrite.php(44): require_once('C:\\xampp\\htdocs\\TurboCholestérol\\public\\index.php')
CRITICAL - 2024-09-25 10:18:39 --> TypeError: CodeIgniter\Validation\Validation::setRules(): Argument #1 ($rules) must be of type array, CodeIgniter\Validation\Validation given, called in C:\xampp\htdocs\TurboCholestérol\system\Controller.php on line 181
[Method: GET, Route: visiteur/voirCalculDepense]
in SYSTEMPATH\Validation\Validation.php on line 590.
 1 SYSTEMPATH\Controller.php(181): CodeIgniter\Validation\Validation->setRules(Object(CodeIgniter\Validation\Validation), [])
 2 SYSTEMPATH\Controller.php(135): CodeIgniter\Controller->setValidator(Object(CodeIgniter\Validation\Validation), [])
 3 APPPATH\Controllers\Visiteur.php(33): CodeIgniter\Controller->validate(Object(CodeIgniter\Validation\Validation))
 4 SYSTEMPATH\CodeIgniter.php(933): App\Controllers\Visiteur->voirCalculDepense()
 5 SYSTEMPATH\CodeIgniter.php(509): CodeIgniter\CodeIgniter->runController(Object(App\Controllers\Visiteur))
 6 SYSTEMPATH\CodeIgniter.php(355): CodeIgniter\CodeIgniter->handleRequest(null, Object(Config\Cache), false)
 7 SYSTEMPATH\Boot.php(325): CodeIgniter\CodeIgniter->run()
 8 SYSTEMPATH\Boot.php(67): CodeIgniter\Boot::runCodeIgniter(Object(CodeIgniter\CodeIgniter))
 9 FCPATH\index.php(56): CodeIgniter\Boot::bootWeb(Object(Config\Paths))
10 SYSTEMPATH\rewrite.php(44): require_once('C:\\xampp\\htdocs\\TurboCholestérol\\public\\index.php')
CRITICAL - 2024-09-25 10:24:56 --> TypeError: CodeIgniter\Validation\Validation::setRules(): Argument #1 ($rules) must be of type array, CodeIgniter\Validation\Validation given, called in C:\xampp\htdocs\TurboCholestérol\system\Controller.php on line 181
[Method: GET, Route: visiteur/voirCalculDepense]
in SYSTEMPATH\Validation\Validation.php on line 590.
 1 SYSTEMPATH\Controller.php(181): CodeIgniter\Validation\Validation->setRules(Object(CodeIgniter\Validation\Validation), [])
 2 SYSTEMPATH\Controller.php(135): CodeIgniter\Controller->setValidator(Object(CodeIgniter\Validation\Validation), [])
 3 APPPATH\Controllers\Visiteur.php(33): CodeIgniter\Controller->validate(Object(CodeIgniter\Validation\Validation))
 4 SYSTEMPATH\CodeIgniter.php(933): App\Controllers\Visiteur->voirCalculDepense()
 5 SYSTEMPATH\CodeIgniter.php(509): CodeIgniter\CodeIgniter->runController(Object(App\Controllers\Visiteur))
 6 SYSTEMPATH\CodeIgniter.php(355): CodeIgniter\CodeIgniter->handleRequest(null, Object(Config\Cache), false)
 7 SYSTEMPATH\Boot.php(325): CodeIgniter\CodeIgniter->run()
 8 SYSTEMPATH\Boot.php(67): CodeIgniter\Boot::runCodeIgniter(Object(CodeIgniter\CodeIgniter))
 9 FCPATH\index.php(56): CodeIgniter\Boot::bootWeb(Object(Config\Paths))
10 SYSTEMPATH\rewrite.php(44): require_once('C:\\xampp\\htdocs\\TurboCholestérol\\public\\index.php')
CRITICAL - 2024-09-25 11:59:53 --> Error: Call to undefined function form_label()
[Method: GET, Route: visiteur/voirCalculDepense]
in APPPATH\Views\visiteur\voirCalculDepense.php on line 5.
 1 SYSTEMPATH\View\View.php(234): include()
 2 SYSTEMPATH\View\View.php(237): CodeIgniter\View\View->CodeIgniter\View\{closure}()
 3 SYSTEMPATH\Common.php(1171): CodeIgniter\View\View->render('visiteur/voirCalculDepense', [], true)
 4 APPPATH\Controllers\Visiteur.php(24): view('visiteur/voirCalculDepense')
 5 SYSTEMPATH\CodeIgniter.php(933): App\Controllers\Visiteur->voirCalculDepense()
 6 SYSTEMPATH\CodeIgniter.php(509): CodeIgniter\CodeIgniter->runController(Object(App\Controllers\Visiteur))
 7 SYSTEMPATH\CodeIgniter.php(355): CodeIgniter\CodeIgniter->handleRequest(null, Object(Config\Cache), false)
 8 SYSTEMPATH\Boot.php(325): CodeIgniter\CodeIgniter->run()
 9 SYSTEMPATH\Boot.php(67): CodeIgniter\Boot::runCodeIgniter(Object(CodeIgniter\CodeIgniter))
10 FCPATH\index.php(56): CodeIgniter\Boot::bootWeb(Object(Config\Paths))
11 SYSTEMPATH\rewrite.php(44): require_once('C:\\xampp\\htdocs\\TurboCholestérol\\public\\index.php')
CRITICAL - 2024-09-25 12:00:01 --> Error: Call to undefined function form_label()
[Method: GET, Route: Visiteur/voirCalculDepense]
in APPPATH\Views\visiteur\voirCalculDepense.php on line 5.
 1 SYSTEMPATH\View\View.php(234): include()
 2 SYSTEMPATH\View\View.php(237): CodeIgniter\View\View->CodeIgniter\View\{closure}()
 3 SYSTEMPATH\Common.php(1171): CodeIgniter\View\View->render('visiteur/voirCalculDepense', [], true)
 4 APPPATH\Controllers\Visiteur.php(24): view('visiteur/voirCalculDepense')
 5 SYSTEMPATH\CodeIgniter.php(933): App\Controllers\Visiteur->voirCalculDepense()
 6 SYSTEMPATH\CodeIgniter.php(509): CodeIgniter\CodeIgniter->runController(Object(App\Controllers\Visiteur))
 7 SYSTEMPATH\CodeIgniter.php(355): CodeIgniter\CodeIgniter->handleRequest(null, Object(Config\Cache), false)
 8 SYSTEMPATH\Boot.php(325): CodeIgniter\CodeIgniter->run()
 9 SYSTEMPATH\Boot.php(67): CodeIgniter\Boot::runCodeIgniter(Object(CodeIgniter\CodeIgniter))
10 FCPATH\index.php(56): CodeIgniter\Boot::bootWeb(Object(Config\Paths))
11 SYSTEMPATH\rewrite.php(44): require_once('C:\\xampp\\htdocs\\TurboCholestérol\\public\\index.php')
CRITICAL - 2024-09-25 12:26:25 --> ErrorException: Undefined variable $TitreDeLaPage
[Method: GET, Route: Visiteur/voirCalculDepense]
in APPPATH\Views\visiteur\voirCalculDepense.php on line 2.
 1 APPPATH\Views\visiteur\voirCalculDepense.php(2): CodeIgniter\Debug\Exceptions->errorHandler(2, 'Undefined variable $TitreDeLaPage', 'C:\\xampp\\htdocs\\TurboCholestérol\\app\\Views\\visiteur\\voirCalculDepense.php', 2)
 2 SYSTEMPATH\View\View.php(234): include('C:\\xampp\\htdocs\\TurboCholestérol\\app\\Views\\visiteur\\voirCalculDepense.php')
 3 SYSTEMPATH\View\View.php(237): CodeIgniter\View\View->CodeIgniter\View\{closure}()
 4 SYSTEMPATH\Common.php(1171): CodeIgniter\View\View->render('visiteur/voirCalculDepense', [], true)
 5 APPPATH\Controllers\Visiteur.php(27): view('visiteur/voirCalculDepense')
 6 SYSTEMPATH\CodeIgniter.php(933): App\Controllers\Visiteur->voirCalculDepense()
 7 SYSTEMPATH\CodeIgniter.php(509): CodeIgniter\CodeIgniter->runController(Object(App\Controllers\Visiteur))
 8 SYSTEMPATH\CodeIgniter.php(355): CodeIgniter\CodeIgniter->handleRequest(null, Object(Config\Cache), false)
 9 SYSTEMPATH\Boot.php(325): CodeIgniter\CodeIgniter->run()
10 SYSTEMPATH\Boot.php(67): CodeIgniter\Boot::runCodeIgniter(Object(CodeIgniter\CodeIgniter))
11 FCPATH\index.php(56): CodeIgniter\Boot::bootWeb(Object(Config\Paths))
12 SYSTEMPATH\rewrite.php(44): require_once('C:\\xampp\\htdocs\\TurboCholestérol\\public\\index.php')
CRITICAL - 2024-09-25 12:32:45 --> ErrorException: Undefined variable $TitreDeLaPage
[Method: GET, Route: Visiteur/voirCalculDepense]
in APPPATH\Views\visiteur\voirCalculDepense.php on line 2.
 1 APPPATH\Views\visiteur\voirCalculDepense.php(2): CodeIgniter\Debug\Exceptions->errorHandler(2, 'Undefined variable $TitreDeLaPage', 'C:\\xampp\\htdocs\\TurboCholestérol\\app\\Views\\visiteur\\voirCalculDepense.php', 2)
 2 SYSTEMPATH\View\View.php(234): include('C:\\xampp\\htdocs\\TurboCholestérol\\app\\Views\\visiteur\\voirCalculDepense.php')
 3 SYSTEMPATH\View\View.php(237): CodeIgniter\View\View->CodeIgniter\View\{closure}()
 4 SYSTEMPATH\Common.php(1171): CodeIgniter\View\View->render('visiteur/voirCalculDepense', [], true)
 5 APPPATH\Controllers\Visiteur.php(27): view('visiteur/voirCalculDepense')
 6 SYSTEMPATH\CodeIgniter.php(933): App\Controllers\Visiteur->voirCalculDepense()
 7 SYSTEMPATH\CodeIgniter.php(509): CodeIgniter\CodeIgniter->runController(Object(App\Controllers\Visiteur))
 8 SYSTEMPATH\CodeIgniter.php(355): CodeIgniter\CodeIgniter->handleRequest(null, Object(Config\Cache), false)
 9 SYSTEMPATH\Boot.php(325): CodeIgniter\CodeIgniter->run()
10 SYSTEMPATH\Boot.php(67): CodeIgniter\Boot::runCodeIgniter(Object(CodeIgniter\CodeIgniter))
11 FCPATH\index.php(56): CodeIgniter\Boot::bootWeb(Object(Config\Paths))
12 SYSTEMPATH\rewrite.php(44): require_once('C:\\xampp\\htdocs\\TurboCholestérol\\public\\index.php')
CRITICAL - 2024-09-25 12:33:32 --> ErrorException: Undefined variable $TitreDeLaPage
[Method: GET, Route: Visiteur/voirCalculDepense]
in APPPATH\Views\visiteur\voirCalculDepense.php on line 2.
 1 APPPATH\Views\visiteur\voirCalculDepense.php(2): CodeIgniter\Debug\Exceptions->errorHandler(2, 'Undefined variable $TitreDeLaPage', 'C:\\xampp\\htdocs\\TurboCholestérol\\app\\Views\\visiteur\\voirCalculDepense.php', 2)
 2 SYSTEMPATH\View\View.php(234): include('C:\\xampp\\htdocs\\TurboCholestérol\\app\\Views\\visiteur\\voirCalculDepense.php')
 3 SYSTEMPATH\View\View.php(237): CodeIgniter\View\View->CodeIgniter\View\{closure}()
 4 SYSTEMPATH\Common.php(1171): CodeIgniter\View\View->render('visiteur/voirCalculDepense', [], true)
 5 APPPATH\Controllers\Visiteur.php(40): view('visiteur/voirCalculDepense')
 6 SYSTEMPATH\CodeIgniter.php(933): App\Controllers\Visiteur->voirCalculDepense()
 7 SYSTEMPATH\CodeIgniter.php(509): CodeIgniter\CodeIgniter->runController(Object(App\Controllers\Visiteur))
 8 SYSTEMPATH\CodeIgniter.php(355): CodeIgniter\CodeIgniter->handleRequest(null, Object(Config\Cache), false)
 9 SYSTEMPATH\Boot.php(325): CodeIgniter\CodeIgniter->run()
10 SYSTEMPATH\Boot.php(67): CodeIgniter\Boot::runCodeIgniter(Object(CodeIgniter\CodeIgniter))
11 FCPATH\index.php(56): CodeIgniter\Boot::bootWeb(Object(Config\Paths))
12 SYSTEMPATH\rewrite.php(44): require_once('C:\\xampp\\htdocs\\TurboCholestérol\\public\\index.php')
CRITICAL - 2024-09-25 12:33:35 --> ErrorException: Undefined variable $TitreDeLaPage
[Method: GET, Route: Visiteur/voirCalculDepense]
in APPPATH\Views\visiteur\voirCalculDepense.php on line 2.
 1 APPPATH\Views\visiteur\voirCalculDepense.php(2): CodeIgniter\Debug\Exceptions->errorHandler(2, 'Undefined variable $TitreDeLaPage', 'C:\\xampp\\htdocs\\TurboCholestérol\\app\\Views\\visiteur\\voirCalculDepense.php', 2)
 2 SYSTEMPATH\View\View.php(234): include('C:\\xampp\\htdocs\\TurboCholestérol\\app\\Views\\visiteur\\voirCalculDepense.php')
 3 SYSTEMPATH\View\View.php(237): CodeIgniter\View\View->CodeIgniter\View\{closure}()
 4 SYSTEMPATH\Common.php(1171): CodeIgniter\View\View->render('visiteur/voirCalculDepense', [], true)
 5 APPPATH\Controllers\Visiteur.php(40): view('visiteur/voirCalculDepense')
 6 SYSTEMPATH\CodeIgniter.php(933): App\Controllers\Visiteur->voirCalculDepense()
 7 SYSTEMPATH\CodeIgniter.php(509): CodeIgniter\CodeIgniter->runController(Object(App\Controllers\Visiteur))
 8 SYSTEMPATH\CodeIgniter.php(355): CodeIgniter\CodeIgniter->handleRequest(null, Object(Config\Cache), false)
 9 SYSTEMPATH\Boot.php(325): CodeIgniter\CodeIgniter->run()
10 SYSTEMPATH\Boot.php(67): CodeIgniter\Boot::runCodeIgniter(Object(CodeIgniter\CodeIgniter))
11 FCPATH\index.php(56): CodeIgniter\Boot::bootWeb(Object(Config\Paths))
12 SYSTEMPATH\rewrite.php(44): require_once('C:\\xampp\\htdocs\\TurboCholestérol\\public\\index.php')
CRITICAL - 2024-09-25 12:36:31 --> ParseError: Unmatched '}'
[Method: GET, Route: Visiteur/voirCalculDepense]
in APPPATH\Controllers\Visiteur.php on line 35.
 1 SYSTEMPATH\Router\Router.php(563): CodeIgniter\Router\AutoRouter->getRoute('Visiteur/voirCalculDepense', 'GET')
 2 SYSTEMPATH\Router\Router.php(228): CodeIgniter\Router\Router->autoRoute('Visiteur/voirCalculDepense')
 3 SYSTEMPATH\CodeIgniter.php(834): CodeIgniter\Router\Router->handle('Visiteur/voirCalculDepense')
 4 SYSTEMPATH\CodeIgniter.php(457): CodeIgniter\CodeIgniter->tryToRouteIt(Object(CodeIgniter\Router\RouteCollection))
 5 SYSTEMPATH\CodeIgniter.php(355): CodeIgniter\CodeIgniter->handleRequest(null, Object(Config\Cache), false)
 6 SYSTEMPATH\Boot.php(325): CodeIgniter\CodeIgniter->run()
 7 SYSTEMPATH\Boot.php(67): CodeIgniter\Boot::runCodeIgniter(Object(CodeIgniter\CodeIgniter))
 8 FCPATH\index.php(56): CodeIgniter\Boot::bootWeb(Object(Config\Paths))
 9 SYSTEMPATH\rewrite.php(44): require_once('C:\\xampp\\htdocs\\TurboCholestérol\\public\\index.php')
CRITICAL - 2024-09-25 12:36:32 --> ParseError: Unmatched '}'
[Method: GET, Route: Visiteur/voirCalculDepense]
in APPPATH\Controllers\Visiteur.php on line 35.
 1 SYSTEMPATH\Router\Router.php(563): CodeIgniter\Router\AutoRouter->getRoute('Visiteur/voirCalculDepense', 'GET')
 2 SYSTEMPATH\Router\Router.php(228): CodeIgniter\Router\Router->autoRoute('Visiteur/voirCalculDepense')
 3 SYSTEMPATH\CodeIgniter.php(834): CodeIgniter\Router\Router->handle('Visiteur/voirCalculDepense')
 4 SYSTEMPATH\CodeIgniter.php(457): CodeIgniter\CodeIgniter->tryToRouteIt(Object(CodeIgniter\Router\RouteCollection))
 5 SYSTEMPATH\CodeIgniter.php(355): CodeIgniter\CodeIgniter->handleRequest(null, Object(Config\Cache), false)
 6 SYSTEMPATH\Boot.php(325): CodeIgniter\CodeIgniter->run()
 7 SYSTEMPATH\Boot.php(67): CodeIgniter\Boot::runCodeIgniter(Object(CodeIgniter\CodeIgniter))
 8 FCPATH\index.php(56): CodeIgniter\Boot::bootWeb(Object(Config\Paths))
 9 SYSTEMPATH\rewrite.php(44): require_once('C:\\xampp\\htdocs\\TurboCholestérol\\public\\index.php')
CRITICAL - 2024-09-25 12:38:05 --> ParseError: Unmatched '}'
[Method: GET, Route: Visiteur/voirCalculDepense]
in APPPATH\Controllers\Visiteur.php on line 35.
 1 SYSTEMPATH\Router\Router.php(563): CodeIgniter\Router\AutoRouter->getRoute('Visiteur/voirCalculDepense', 'GET')
 2 SYSTEMPATH\Router\Router.php(228): CodeIgniter\Router\Router->autoRoute('Visiteur/voirCalculDepense')
 3 SYSTEMPATH\CodeIgniter.php(834): CodeIgniter\Router\Router->handle('Visiteur/voirCalculDepense')
 4 SYSTEMPATH\CodeIgniter.php(457): CodeIgniter\CodeIgniter->tryToRouteIt(Object(CodeIgniter\Router\RouteCollection))
 5 SYSTEMPATH\CodeIgniter.php(355): CodeIgniter\CodeIgniter->handleRequest(null, Object(Config\Cache), false)
 6 SYSTEMPATH\Boot.php(325): CodeIgniter\CodeIgniter->run()
 7 SYSTEMPATH\Boot.php(67): CodeIgniter\Boot::runCodeIgniter(Object(CodeIgniter\CodeIgniter))
 8 FCPATH\index.php(56): CodeIgniter\Boot::bootWeb(Object(Config\Paths))
 9 SYSTEMPATH\rewrite.php(44): require_once('C:\\xampp\\htdocs\\TurboCholestérol\\public\\index.php')
CRITICAL - 2024-09-25 12:38:06 --> ParseError: Unmatched '}'
[Method: GET, Route: Visiteur/voirCalculDepense]
in APPPATH\Controllers\Visiteur.php on line 35.
 1 SYSTEMPATH\Router\Router.php(563): CodeIgniter\Router\AutoRouter->getRoute('Visiteur/voirCalculDepense', 'GET')
 2 SYSTEMPATH\Router\Router.php(228): CodeIgniter\Router\Router->autoRoute('Visiteur/voirCalculDepense')
 3 SYSTEMPATH\CodeIgniter.php(834): CodeIgniter\Router\Router->handle('Visiteur/voirCalculDepense')
 4 SYSTEMPATH\CodeIgniter.php(457): CodeIgniter\CodeIgniter->tryToRouteIt(Object(CodeIgniter\Router\RouteCollection))
 5 SYSTEMPATH\CodeIgniter.php(355): CodeIgniter\CodeIgniter->handleRequest(null, Object(Config\Cache), false)
 6 SYSTEMPATH\Boot.php(325): CodeIgniter\CodeIgniter->run()
 7 SYSTEMPATH\Boot.php(67): CodeIgniter\Boot::runCodeIgniter(Object(CodeIgniter\CodeIgniter))
 8 FCPATH\index.php(56): CodeIgniter\Boot::bootWeb(Object(Config\Paths))
 9 SYSTEMPATH\rewrite.php(44): require_once('C:\\xampp\\htdocs\\TurboCholestérol\\public\\index.php')
CRITICAL - 2024-09-25 12:49:02 --> ParseError: Unmatched '}'
[Method: GET, Route: Visiteur/accueil]
in APPPATH\Controllers\Visiteur.php on line 35.
 1 SYSTEMPATH\Autoloader\Autoloader.php(296): CodeIgniter\Autoloader\Autoloader->includeFile('C:\\xampp\\htdocs\\TurboCholestérol\\app\\Controllers\\Visiteur.php')
 2 SYSTEMPATH\Autoloader\Autoloader.php(272): CodeIgniter\Autoloader\Autoloader->loadInNamespace('App\\Controllers\\Visiteur')
 3 [internal function]: CodeIgniter\Autoloader\Autoloader->loadClass('App\\Controllers\\Visiteur')
 4 SYSTEMPATH\CodeIgniter.php(887): class_exists('\\App\\Controllers\\Visiteur', true)
 5 SYSTEMPATH\CodeIgniter.php(496): CodeIgniter\CodeIgniter->startController()
 6 SYSTEMPATH\CodeIgniter.php(355): CodeIgniter\CodeIgniter->handleRequest(null, Object(Config\Cache), false)
 7 SYSTEMPATH\Boot.php(325): CodeIgniter\CodeIgniter->run()
 8 SYSTEMPATH\Boot.php(67): CodeIgniter\Boot::runCodeIgniter(Object(CodeIgniter\CodeIgniter))
 9 FCPATH\index.php(56): CodeIgniter\Boot::bootWeb(Object(Config\Paths))
10 SYSTEMPATH\rewrite.php(44): require_once('C:\\xampp\\htdocs\\TurboCholestérol\\public\\index.php')
CRITICAL - 2024-09-25 12:50:48 --> ErrorException: Undefined variable $TitreDeLaPage
[Method: GET, Route: Visiteur/voirCalculDepense]
in APPPATH\Views\visiteur\voirCalculDepense.php on line 2.
 1 APPPATH\Views\visiteur\voirCalculDepense.php(2): CodeIgniter\Debug\Exceptions->errorHandler(2, 'Undefined variable $TitreDeLaPage', 'C:\\xampp\\htdocs\\TurboCholestérol\\app\\Views\\visiteur\\voirCalculDepense.php', 2)
 2 SYSTEMPATH\View\View.php(234): include('C:\\xampp\\htdocs\\TurboCholestérol\\app\\Views\\visiteur\\voirCalculDepense.php')
 3 SYSTEMPATH\View\View.php(237): CodeIgniter\View\View->CodeIgniter\View\{closure}()
 4 SYSTEMPATH\Common.php(1171): CodeIgniter\View\View->render('visiteur/voirCalculDepense', [], true)
 5 APPPATH\Controllers\Visiteur.php(27): view('visiteur/voirCalculDepense')
 6 SYSTEMPATH\CodeIgniter.php(933): App\Controllers\Visiteur->voirCalculDepense()
 7 SYSTEMPATH\CodeIgniter.php(509): CodeIgniter\CodeIgniter->runController(Object(App\Controllers\Visiteur))
 8 SYSTEMPATH\CodeIgniter.php(355): CodeIgniter\CodeIgniter->handleRequest(null, Object(Config\Cache), false)
 9 SYSTEMPATH\Boot.php(325): CodeIgniter\CodeIgniter->run()
10 SYSTEMPATH\Boot.php(67): CodeIgniter\Boot::runCodeIgniter(Object(CodeIgniter\CodeIgniter))
11 FCPATH\index.php(56): CodeIgniter\Boot::bootWeb(Object(Config\Paths))
12 SYSTEMPATH\rewrite.php(44): require_once('C:\\xampp\\htdocs\\TurboCholestérol\\public\\index.php')
CRITICAL - 2024-09-25 12:53:25 --> ErrorException: Undefined variable $TitreDeLaPage
[Method: GET, Route: Visiteur/voirCalculDepense]
in APPPATH\Views\visiteur\voirCalculDepense.php on line 2.
 1 APPPATH\Views\visiteur\voirCalculDepense.php(2): CodeIgniter\Debug\Exceptions->errorHandler(2, 'Undefined variable $TitreDeLaPage', 'C:\\xampp\\htdocs\\TurboCholestérol\\app\\Views\\visiteur\\voirCalculDepense.php', 2)
 2 SYSTEMPATH\View\View.php(234): include('C:\\xampp\\htdocs\\TurboCholestérol\\app\\Views\\visiteur\\voirCalculDepense.php')
 3 SYSTEMPATH\View\View.php(237): CodeIgniter\View\View->CodeIgniter\View\{closure}()
 4 SYSTEMPATH\Common.php(1171): CodeIgniter\View\View->render('visiteur/voirCalculDepense', [], true)
 5 APPPATH\Controllers\Visiteur.php(27): view('visiteur/voirCalculDepense')
 6 SYSTEMPATH\CodeIgniter.php(933): App\Controllers\Visiteur->voirCalculDepense()
 7 SYSTEMPATH\CodeIgniter.php(509): CodeIgniter\CodeIgniter->runController(Object(App\Controllers\Visiteur))
 8 SYSTEMPATH\CodeIgniter.php(355): CodeIgniter\CodeIgniter->handleRequest(null, Object(Config\Cache), false)
 9 SYSTEMPATH\Boot.php(325): CodeIgniter\CodeIgniter->run()
10 SYSTEMPATH\Boot.php(67): CodeIgniter\Boot::runCodeIgniter(Object(CodeIgniter\CodeIgniter))
11 FCPATH\index.php(56): CodeIgniter\Boot::bootWeb(Object(Config\Paths))
12 SYSTEMPATH\rewrite.php(44): require_once('C:\\xampp\\htdocs\\TurboCholestérol\\public\\index.php')
CRITICAL - 2024-09-25 12:53:26 --> ErrorException: Undefined variable $TitreDeLaPage
[Method: GET, Route: Visiteur/voirCalculDepense]
in APPPATH\Views\visiteur\voirCalculDepense.php on line 2.
 1 APPPATH\Views\visiteur\voirCalculDepense.php(2): CodeIgniter\Debug\Exceptions->errorHandler(2, 'Undefined variable $TitreDeLaPage', 'C:\\xampp\\htdocs\\TurboCholestérol\\app\\Views\\visiteur\\voirCalculDepense.php', 2)
 2 SYSTEMPATH\View\View.php(234): include('C:\\xampp\\htdocs\\TurboCholestérol\\app\\Views\\visiteur\\voirCalculDepense.php')
 3 SYSTEMPATH\View\View.php(237): CodeIgniter\View\View->CodeIgniter\View\{closure}()
 4 SYSTEMPATH\Common.php(1171): CodeIgniter\View\View->render('visiteur/voirCalculDepense', [], true)
 5 APPPATH\Controllers\Visiteur.php(27): view('visiteur/voirCalculDepense')
 6 SYSTEMPATH\CodeIgniter.php(933): App\Controllers\Visiteur->voirCalculDepense()
 7 SYSTEMPATH\CodeIgniter.php(509): CodeIgniter\CodeIgniter->runController(Object(App\Controllers\Visiteur))
 8 SYSTEMPATH\CodeIgniter.php(355): CodeIgniter\CodeIgniter->handleRequest(null, Object(Config\Cache), false)
 9 SYSTEMPATH\Boot.php(325): CodeIgniter\CodeIgniter->run()
10 SYSTEMPATH\Boot.php(67): CodeIgniter\Boot::runCodeIgniter(Object(CodeIgniter\CodeIgniter))
11 FCPATH\index.php(56): CodeIgniter\Boot::bootWeb(Object(Config\Paths))
12 SYSTEMPATH\rewrite.php(44): require_once('C:\\xampp\\htdocs\\TurboCholestérol\\public\\index.php')
CRITICAL - 2024-09-25 12:55:30 --> ErrorException: Undefined variable $TitreDeLaPage
[Method: GET, Route: Visiteur/voirCalculDepense]
in APPPATH\Views\visiteur\voirCalculDepense.php on line 2.
 1 APPPATH\Views\visiteur\voirCalculDepense.php(2): CodeIgniter\Debug\Exceptions->errorHandler(2, 'Undefined variable $TitreDeLaPage', 'C:\\xampp\\htdocs\\TurboCholestérol\\app\\Views\\visiteur\\voirCalculDepense.php', 2)
 2 SYSTEMPATH\View\View.php(234): include('C:\\xampp\\htdocs\\TurboCholestérol\\app\\Views\\visiteur\\voirCalculDepense.php')
 3 SYSTEMPATH\View\View.php(237): CodeIgniter\View\View->CodeIgniter\View\{closure}()
 4 SYSTEMPATH\Common.php(1171): CodeIgniter\View\View->render('visiteur/voirCalculDepense', [], true)
 5 APPPATH\Controllers\Visiteur.php(27): view('visiteur/voirCalculDepense')
 6 SYSTEMPATH\CodeIgniter.php(933): App\Controllers\Visiteur->voirCalculDepense()
 7 SYSTEMPATH\CodeIgniter.php(509): CodeIgniter\CodeIgniter->runController(Object(App\Controllers\Visiteur))
 8 SYSTEMPATH\CodeIgniter.php(355): CodeIgniter\CodeIgniter->handleRequest(null, Object(Config\Cache), false)
 9 SYSTEMPATH\Boot.php(325): CodeIgniter\CodeIgniter->run()
10 SYSTEMPATH\Boot.php(67): CodeIgniter\Boot::runCodeIgniter(Object(CodeIgniter\CodeIgniter))
11 FCPATH\index.php(56): CodeIgniter\Boot::bootWeb(Object(Config\Paths))
12 SYSTEMPATH\rewrite.php(44): require_once('C:\\xampp\\htdocs\\TurboCholestérol\\public\\index.php')
=======
CRITICAL - 2024-09-25 12:19:18 --> ErrorException: Namespace declaration statement has to be the very first statement or after any declare call in the script
[Method: GET, Route: saisie-activites]
in APPPATH/Models/ActivityModel.php on line 5.
 1 [internal function]: CodeIgniter\Debug\Exceptions->shutdownHandler()
CRITICAL - 2024-09-25 12:33:12 --> ErrorException: Namespace declaration statement has to be the very first statement or after any declare call in the script
[Method: GET, Route: saisie-activites]
in APPPATH/Models/ActivityModel.php on line 5.
 1 [internal function]: CodeIgniter\Debug\Exceptions->shutdownHandler()
CRITICAL - 2024-09-25 12:35:07 --> ErrorException: Namespace declaration statement has to be the very first statement or after any declare call in the script
[Method: GET, Route: saisie-activites]
in APPPATH/Models/ActivityModel.php on line 5.
 1 [internal function]: CodeIgniter\Debug\Exceptions->shutdownHandler()
>>>>>>> 06ce41809a3cf3a0ed29bec24d61760193667fe3
INFO - 2024-09-25 13:43:45 --> Session: Class initialized using 'CodeIgniter\Session\Handlers\FileHandler' driver.
INFO - 2024-09-25 13:44:45 --> Session: Class initialized using 'CodeIgniter\Session\Handlers\FileHandler' driver.
INFO - 2024-09-25 13:44:52 --> Session: Class initialized using 'CodeIgniter\Session\Handlers\FileHandler' driver.
INFO - 2024-09-25 13:48:10 --> Session: Class initialized using 'CodeIgniter\Session\Handlers\FileHandler' driver.
INFO - 2024-09-25 13:49:47 --> Session: Class initialized using 'CodeIgniter\Session\Handlers\FileHandler' driver.
INFO - 2024-09-25 13:49:56 --> Session: Class initialized using 'CodeIgniter\Session\Handlers\FileHandler' driver.
INFO - 2024-09-25 13:51:07 --> Session: Class initialized using 'CodeIgniter\Session\Handlers\FileHandler' driver.
INFO - 2024-09-25 13:59:44 --> Session: Class initialized using 'CodeIgniter\Session\Handlers\FileHandler' driver.
INFO - 2024-09-25 14:01:50 --> Session: Class initialized using 'CodeIgniter\Session\Handlers\FileHandler' driver.
INFO - 2024-09-25 14:04:52 --> Session: Class initialized using 'CodeIgniter\Session\Handlers\FileHandler' driver.
INFO - 2024-09-25 14:05:41 --> Session: Class initialized using 'CodeIgniter\Session\Handlers\FileHandler' driver.
INFO - 2024-09-25 14:06:15 --> Session: Class initialized using 'CodeIgniter\Session\Handlers\FileHandler' driver.
INFO - 2024-09-25 14:10:59 --> Session: Class initialized using 'CodeIgniter\Session\Handlers\FileHandler' driver.
INFO - 2024-09-25 14:19:25 --> Session: Class initialized using 'CodeIgniter\Session\Handlers\FileHandler' driver.
CRITICAL - 2024-09-25 14:23:20 --> ErrorException: Undefined variable $TitreDeLaPage
[Method: GET, Route: activite/formulaire_activite]
in APPPATH\Views\activite\formulaire_activite.php on line 2.
 1 APPPATH\Views\activite\formulaire_activite.php(2): CodeIgniter\Debug\Exceptions->errorHandler(2, 'Undefined variable $TitreDeLaPage', 'C:\\xampp\\htdocs\\TurboCholestérol\\app\\Views\\activite\\formulaire_activite.php', 2)
 2 SYSTEMPATH\View\View.php(234): include('C:\\xampp\\htdocs\\TurboCholestérol\\app\\Views\\activite\\formulaire_activite.php')
 3 SYSTEMPATH\View\View.php(237): CodeIgniter\View\View->CodeIgniter\View\{closure}()
 4 SYSTEMPATH\Common.php(1171): CodeIgniter\View\View->render('activite/formulaire_activite', [], true)
 5 APPPATH\Controllers\Activite.php(39): view('activite/formulaire_activite')
 6 SYSTEMPATH\CodeIgniter.php(933): App\Controllers\Activite->formulaire_activite()
 7 SYSTEMPATH\CodeIgniter.php(509): CodeIgniter\CodeIgniter->runController(Object(App\Controllers\Activite))
 8 SYSTEMPATH\CodeIgniter.php(355): CodeIgniter\CodeIgniter->handleRequest(null, Object(Config\Cache), false)
 9 SYSTEMPATH\Boot.php(325): CodeIgniter\CodeIgniter->run()
10 SYSTEMPATH\Boot.php(67): CodeIgniter\Boot::runCodeIgniter(Object(CodeIgniter\CodeIgniter))
11 FCPATH\index.php(56): CodeIgniter\Boot::bootWeb(Object(Config\Paths))
12 SYSTEMPATH\rewrite.php(44): require_once('C:\\xampp\\htdocs\\TurboCholestérol\\public\\index.php')
INFO - 2024-09-25 14:24:12 --> Session: Class initialized using 'CodeIgniter\Session\Handlers\FileHandler' driver.
INFO - 2024-09-25 14:25:02 --> Session: Class initialized using 'CodeIgniter\Session\Handlers\FileHandler' driver.
INFO - 2024-09-25 14:26:23 --> Session: Class initialized using 'CodeIgniter\Session\Handlers\FileHandler' driver.
INFO - 2024-09-25 14:26:53 --> Session: Class initialized using 'CodeIgniter\Session\Handlers\FileHandler' driver.
INFO - 2024-09-25 14:27:43 --> Session: Class initialized using 'CodeIgniter\Session\Handlers\FileHandler' driver.
INFO - 2024-09-25 14:28:13 --> Session: Class initialized using 'CodeIgniter\Session\Handlers\FileHandler' driver.
INFO - 2024-09-25 14:35:25 --> Session: Class initialized using 'CodeIgniter\Session\Handlers\FileHandler' driver.
INFO - 2024-09-25 14:36:14 --> Session: Class initialized using 'CodeIgniter\Session\Handlers\FileHandler' driver.
INFO - 2024-09-25 14:37:40 --> Session: Class initialized using 'CodeIgniter\Session\Handlers\FileHandler' driver.
ERROR - 2024-09-25 19:51:36 --> mysqli_sql_exception: Unknown column 'reference' in 'where clause' in C:\xampp\htdocs\TurboCholestérol\system\Database\MySQLi\Connection.php:312
Stack trace:
#0 C:\xampp\htdocs\TurboCholestérol\system\Database\MySQLi\Connection.php(312): mysqli->query('SELECT *\nFROM `...', 0)
#1 C:\xampp\htdocs\TurboCholestérol\system\Database\BaseConnection.php(734): CodeIgniter\Database\MySQLi\Connection->execute('SELECT *\nFROM `...')
#2 C:\xampp\htdocs\TurboCholestérol\system\Database\BaseConnection.php(648): CodeIgniter\Database\BaseConnection->simpleQuery('SELECT *\nFROM `...')
#3 C:\xampp\htdocs\TurboCholestérol\system\Database\BaseBuilder.php(1782): CodeIgniter\Database\BaseConnection->query('SELECT *\nFROM `...', Array, false)
#4 C:\xampp\htdocs\TurboCholestérol\system\Model.php(930): CodeIgniter\Database\BaseBuilder->getWhere(Array)
#5 C:\xampp\htdocs\TurboCholestérol\app\Controllers\Activite.php(25): CodeIgniter\Model->__call('getWhere', Array)
#6 C:\xampp\htdocs\TurboCholestérol\system\CodeIgniter.php(933): App\Controllers\Activite->show('formulaire_acti...')
#7 C:\xampp\htdocs\TurboCholestérol\system\CodeIgniter.php(509): CodeIgniter\CodeIgniter->runController(Object(App\Controllers\Activite))
#8 C:\xampp\htdocs\TurboCholestérol\system\CodeIgniter.php(355): CodeIgniter\CodeIgniter->handleRequest(NULL, Object(Config\Cache), false)
#9 C:\xampp\htdocs\TurboCholestérol\system\Boot.php(325): CodeIgniter\CodeIgniter->run()
#10 C:\xampp\htdocs\TurboCholestérol\system\Boot.php(67): CodeIgniter\Boot::runCodeIgniter(Object(CodeIgniter\CodeIgniter))
#11 C:\xampp\htdocs\TurboCholestérol\public\index.php(56): CodeIgniter\Boot::bootWeb(Object(Config\Paths))
#12 C:\xampp\htdocs\TurboCholestérol\system\rewrite.php(44): require_once('C:\\xampp\\htdocs...')
#13 {main}
CRITICAL - 2024-09-25 19:51:36 --> CodeIgniter\Database\Exceptions\DatabaseException: Unknown column 'reference' in 'where clause'
[Method: GET, Route: activite/formulaire_activite]
in SYSTEMPATH\Database\BaseConnection.php on line 688.
 1 SYSTEMPATH\Database\BaseBuilder.php(1782): CodeIgniter\Database\BaseConnection->query('SELECT *
FROM `aliment`
WHERE `reference` = :reference:', [...], false)
 2 SYSTEMPATH\Model.php(930): CodeIgniter\Database\BaseBuilder->getWhere([...])
 3 APPPATH\Controllers\Activite.php(25): CodeIgniter\Model->__call('getWhere', [...])
 4 SYSTEMPATH\CodeIgniter.php(933): App\Controllers\Activite->show('formulaire_activite')
 5 SYSTEMPATH\CodeIgniter.php(509): CodeIgniter\CodeIgniter->runController(Object(App\Controllers\Activite))
 6 SYSTEMPATH\CodeIgniter.php(355): CodeIgniter\CodeIgniter->handleRequest(null, Object(Config\Cache), false)
 7 SYSTEMPATH\Boot.php(325): CodeIgniter\CodeIgniter->run()
 8 SYSTEMPATH\Boot.php(67): CodeIgniter\Boot::runCodeIgniter(Object(CodeIgniter\CodeIgniter))
 9 FCPATH\index.php(56): CodeIgniter\Boot::bootWeb(Object(Config\Paths))
10 SYSTEMPATH\rewrite.php(44): require_once('C:\\xampp\\htdocs\\TurboCholestérol\\public\\index.php')
CRITICAL - 2024-09-25 19:51:36 --> [Caused by] CodeIgniter\Database\Exceptions\DatabaseException: Unknown column 'reference' in 'where clause'
in SYSTEMPATH\Database\MySQLi\Connection.php on line 317.
 1 SYSTEMPATH\Database\BaseConnection.php(734): CodeIgniter\Database\MySQLi\Connection->execute('SELECT *
FROM `aliment`
WHERE `reference` = \'formulaire_activite\'')
 2 SYSTEMPATH\Database\BaseConnection.php(648): CodeIgniter\Database\BaseConnection->simpleQuery('SELECT *
FROM `aliment`
WHERE `reference` = \'formulaire_activite\'')
 3 SYSTEMPATH\Database\BaseBuilder.php(1782): CodeIgniter\Database\BaseConnection->query('SELECT *
FROM `aliment`
WHERE `reference` = :reference:', [...], false)
 4 SYSTEMPATH\Model.php(930): CodeIgniter\Database\BaseBuilder->getWhere([...])
 5 APPPATH\Controllers\Activite.php(25): CodeIgniter\Model->__call('getWhere', [...])
 6 SYSTEMPATH\CodeIgniter.php(933): App\Controllers\Activite->show('formulaire_activite')
 7 SYSTEMPATH\CodeIgniter.php(509): CodeIgniter\CodeIgniter->runController(Object(App\Controllers\Activite))
 8 SYSTEMPATH\CodeIgniter.php(355): CodeIgniter\CodeIgniter->handleRequest(null, Object(Config\Cache), false)
 9 SYSTEMPATH\Boot.php(325): CodeIgniter\CodeIgniter->run()
10 SYSTEMPATH\Boot.php(67): CodeIgniter\Boot::runCodeIgniter(Object(CodeIgniter\CodeIgniter))
11 FCPATH\index.php(56): CodeIgniter\Boot::bootWeb(Object(Config\Paths))
12 SYSTEMPATH\rewrite.php(44): require_once('C:\\xampp\\htdocs\\TurboCholestérol\\public\\index.php')
CRITICAL - 2024-09-25 19:51:36 --> [Caused by] mysqli_sql_exception: Unknown column 'reference' in 'where clause'
in SYSTEMPATH\Database\MySQLi\Connection.php on line 312.
 1 SYSTEMPATH\Database\MySQLi\Connection.php(312): mysqli->query('SELECT *
FROM `aliment`
WHERE `reference` = \'formulaire_activite\'', 0)
 2 SYSTEMPATH\Database\BaseConnection.php(734): CodeIgniter\Database\MySQLi\Connection->execute('SELECT *
FROM `aliment`
WHERE `reference` = \'formulaire_activite\'')
 3 SYSTEMPATH\Database\BaseConnection.php(648): CodeIgniter\Database\BaseConnection->simpleQuery('SELECT *
FROM `aliment`
WHERE `reference` = \'formulaire_activite\'')
 4 SYSTEMPATH\Database\BaseBuilder.php(1782): CodeIgniter\Database\BaseConnection->query('SELECT *
FROM `aliment`
WHERE `reference` = :reference:', [...], false)
 5 SYSTEMPATH\Model.php(930): CodeIgniter\Database\BaseBuilder->getWhere([...])
 6 APPPATH\Controllers\Activite.php(25): CodeIgniter\Model->__call('getWhere', [...])
 7 SYSTEMPATH\CodeIgniter.php(933): App\Controllers\Activite->show('formulaire_activite')
 8 SYSTEMPATH\CodeIgniter.php(509): CodeIgniter\CodeIgniter->runController(Object(App\Controllers\Activite))
 9 SYSTEMPATH\CodeIgniter.php(355): CodeIgniter\CodeIgniter->handleRequest(null, Object(Config\Cache), false)
10 SYSTEMPATH\Boot.php(325): CodeIgniter\CodeIgniter->run()
11 SYSTEMPATH\Boot.php(67): CodeIgniter\Boot::runCodeIgniter(Object(CodeIgniter\CodeIgniter))
12 FCPATH\index.php(56): CodeIgniter\Boot::bootWeb(Object(Config\Paths))
13 SYSTEMPATH\rewrite.php(44): require_once('C:\\xampp\\htdocs\\TurboCholestérol\\public\\index.php')
ERROR - 2024-09-25 19:52:59 --> mysqli_sql_exception: Unknown column 'reference' in 'where clause' in C:\xampp\htdocs\TurboCholestérol\system\Database\MySQLi\Connection.php:312
Stack trace:
#0 C:\xampp\htdocs\TurboCholestérol\system\Database\MySQLi\Connection.php(312): mysqli->query('SELECT *\nFROM `...', 0)
#1 C:\xampp\htdocs\TurboCholestérol\system\Database\BaseConnection.php(734): CodeIgniter\Database\MySQLi\Connection->execute('SELECT *\nFROM `...')
#2 C:\xampp\htdocs\TurboCholestérol\system\Database\BaseConnection.php(648): CodeIgniter\Database\BaseConnection->simpleQuery('SELECT *\nFROM `...')
#3 C:\xampp\htdocs\TurboCholestérol\system\Database\BaseBuilder.php(1782): CodeIgniter\Database\BaseConnection->query('SELECT *\nFROM `...', Array, false)
#4 C:\xampp\htdocs\TurboCholestérol\system\Model.php(930): CodeIgniter\Database\BaseBuilder->getWhere(Array)
#5 C:\xampp\htdocs\TurboCholestérol\app\Controllers\Activite.php(25): CodeIgniter\Model->__call('getWhere', Array)
#6 C:\xampp\htdocs\TurboCholestérol\system\CodeIgniter.php(933): App\Controllers\Activite->show('formulaire_acti...')
#7 C:\xampp\htdocs\TurboCholestérol\system\CodeIgniter.php(509): CodeIgniter\CodeIgniter->runController(Object(App\Controllers\Activite))
#8 C:\xampp\htdocs\TurboCholestérol\system\CodeIgniter.php(355): CodeIgniter\CodeIgniter->handleRequest(NULL, Object(Config\Cache), false)
#9 C:\xampp\htdocs\TurboCholestérol\system\Boot.php(325): CodeIgniter\CodeIgniter->run()
#10 C:\xampp\htdocs\TurboCholestérol\system\Boot.php(67): CodeIgniter\Boot::runCodeIgniter(Object(CodeIgniter\CodeIgniter))
#11 C:\xampp\htdocs\TurboCholestérol\public\index.php(56): CodeIgniter\Boot::bootWeb(Object(Config\Paths))
#12 C:\xampp\htdocs\TurboCholestérol\system\rewrite.php(44): require_once('C:\\xampp\\htdocs...')
#13 {main}
CRITICAL - 2024-09-25 19:52:59 --> CodeIgniter\Database\Exceptions\DatabaseException: Unknown column 'reference' in 'where clause'
[Method: GET, Route: activite/formulaire_activite]
in SYSTEMPATH\Database\BaseConnection.php on line 688.
 1 SYSTEMPATH\Database\BaseBuilder.php(1782): CodeIgniter\Database\BaseConnection->query('SELECT *
FROM `aliment`
WHERE `reference` = :reference:', [...], false)
 2 SYSTEMPATH\Model.php(930): CodeIgniter\Database\BaseBuilder->getWhere([...])
 3 APPPATH\Controllers\Activite.php(25): CodeIgniter\Model->__call('getWhere', [...])
 4 SYSTEMPATH\CodeIgniter.php(933): App\Controllers\Activite->show('formulaire_activite')
 5 SYSTEMPATH\CodeIgniter.php(509): CodeIgniter\CodeIgniter->runController(Object(App\Controllers\Activite))
 6 SYSTEMPATH\CodeIgniter.php(355): CodeIgniter\CodeIgniter->handleRequest(null, Object(Config\Cache), false)
 7 SYSTEMPATH\Boot.php(325): CodeIgniter\CodeIgniter->run()
 8 SYSTEMPATH\Boot.php(67): CodeIgniter\Boot::runCodeIgniter(Object(CodeIgniter\CodeIgniter))
 9 FCPATH\index.php(56): CodeIgniter\Boot::bootWeb(Object(Config\Paths))
10 SYSTEMPATH\rewrite.php(44): require_once('C:\\xampp\\htdocs\\TurboCholestérol\\public\\index.php')
CRITICAL - 2024-09-25 19:52:59 --> [Caused by] CodeIgniter\Database\Exceptions\DatabaseException: Unknown column 'reference' in 'where clause'
in SYSTEMPATH\Database\MySQLi\Connection.php on line 317.
 1 SYSTEMPATH\Database\BaseConnection.php(734): CodeIgniter\Database\MySQLi\Connection->execute('SELECT *
FROM `aliment`
WHERE `reference` = \'formulaire_activite\'')
 2 SYSTEMPATH\Database\BaseConnection.php(648): CodeIgniter\Database\BaseConnection->simpleQuery('SELECT *
FROM `aliment`
WHERE `reference` = \'formulaire_activite\'')
 3 SYSTEMPATH\Database\BaseBuilder.php(1782): CodeIgniter\Database\BaseConnection->query('SELECT *
FROM `aliment`
WHERE `reference` = :reference:', [...], false)
 4 SYSTEMPATH\Model.php(930): CodeIgniter\Database\BaseBuilder->getWhere([...])
 5 APPPATH\Controllers\Activite.php(25): CodeIgniter\Model->__call('getWhere', [...])
 6 SYSTEMPATH\CodeIgniter.php(933): App\Controllers\Activite->show('formulaire_activite')
 7 SYSTEMPATH\CodeIgniter.php(509): CodeIgniter\CodeIgniter->runController(Object(App\Controllers\Activite))
 8 SYSTEMPATH\CodeIgniter.php(355): CodeIgniter\CodeIgniter->handleRequest(null, Object(Config\Cache), false)
 9 SYSTEMPATH\Boot.php(325): CodeIgniter\CodeIgniter->run()
10 SYSTEMPATH\Boot.php(67): CodeIgniter\Boot::runCodeIgniter(Object(CodeIgniter\CodeIgniter))
11 FCPATH\index.php(56): CodeIgniter\Boot::bootWeb(Object(Config\Paths))
12 SYSTEMPATH\rewrite.php(44): require_once('C:\\xampp\\htdocs\\TurboCholestérol\\public\\index.php')
CRITICAL - 2024-09-25 19:52:59 --> [Caused by] mysqli_sql_exception: Unknown column 'reference' in 'where clause'
in SYSTEMPATH\Database\MySQLi\Connection.php on line 312.
 1 SYSTEMPATH\Database\MySQLi\Connection.php(312): mysqli->query('SELECT *
FROM `aliment`
WHERE `reference` = \'formulaire_activite\'', 0)
 2 SYSTEMPATH\Database\BaseConnection.php(734): CodeIgniter\Database\MySQLi\Connection->execute('SELECT *
FROM `aliment`
WHERE `reference` = \'formulaire_activite\'')
 3 SYSTEMPATH\Database\BaseConnection.php(648): CodeIgniter\Database\BaseConnection->simpleQuery('SELECT *
FROM `aliment`
WHERE `reference` = \'formulaire_activite\'')
 4 SYSTEMPATH\Database\BaseBuilder.php(1782): CodeIgniter\Database\BaseConnection->query('SELECT *
FROM `aliment`
WHERE `reference` = :reference:', [...], false)
 5 SYSTEMPATH\Model.php(930): CodeIgniter\Database\BaseBuilder->getWhere([...])
 6 APPPATH\Controllers\Activite.php(25): CodeIgniter\Model->__call('getWhere', [...])
 7 SYSTEMPATH\CodeIgniter.php(933): App\Controllers\Activite->show('formulaire_activite')
 8 SYSTEMPATH\CodeIgniter.php(509): CodeIgniter\CodeIgniter->runController(Object(App\Controllers\Activite))
 9 SYSTEMPATH\CodeIgniter.php(355): CodeIgniter\CodeIgniter->handleRequest(null, Object(Config\Cache), false)
10 SYSTEMPATH\Boot.php(325): CodeIgniter\CodeIgniter->run()
11 SYSTEMPATH\Boot.php(67): CodeIgniter\Boot::runCodeIgniter(Object(CodeIgniter\CodeIgniter))
12 FCPATH\index.php(56): CodeIgniter\Boot::bootWeb(Object(Config\Paths))
13 SYSTEMPATH\rewrite.php(44): require_once('C:\\xampp\\htdocs\\TurboCholestérol\\public\\index.php')
