INFO - 2024-09-26 00:30:33 --> Session: Class initialized using 'CodeIgniter\Session\Handlers\FileHandler' driver.
ERROR - 2024-09-26 00:30:51 --> mysqli_sql_exception: Table 'turbocholestrol.activities' doesn't exist in /Applications/MAMP/htdocs/TurboCholest-rol/system/Database/MySQLi/Connection.php:312
Stack trace:
#0 /Applications/MAMP/htdocs/TurboCholest-rol/system/Database/MySQLi/Connection.php(312): mysqli->query('INSERT INTO `ac...', 0)
#1 /Applications/MAMP/htdocs/TurboCholest-rol/system/Database/BaseConnection.php(734): CodeIgniter\Database\MySQLi\Connection->execute('INSERT INTO `ac...')
#2 /Applications/MAMP/htdocs/TurboCholest-rol/system/Database/BaseConnection.php(648): CodeIgniter\Database\BaseConnection->simpleQuery('INSERT INTO `ac...')
#3 /Applications/MAMP/htdocs/TurboCholest-rol/system/Database/BaseBuilder.php(2340): CodeIgniter\Database\BaseConnection->query('INSERT INTO `ac...', Array, false)
#4 /Applications/MAMP/htdocs/TurboCholest-rol/system/Model.php(394): CodeIgniter\Database\BaseBuilder->insert()
#5 /Applications/MAMP/htdocs/TurboCholest-rol/system/BaseModel.php(840): CodeIgniter\Model->doInsert(Array)
#6 /Applications/MAMP/htdocs/TurboCholest-rol/system/Model.php(802): CodeIgniter\BaseModel->insert(Array, false)
#7 /Applications/MAMP/htdocs/TurboCholest-rol/system/BaseModel.php(751): CodeIgniter\Model->insert(Array, false)
#8 /Applications/MAMP/htdocs/TurboCholest-rol/app/Controllers/ActivityController.php(35): CodeIgniter\BaseModel->save(Array)
#9 /Applications/MAMP/htdocs/TurboCholest-rol/system/CodeIgniter.php(933): App\Controllers\ActivityController->save()
#10 /Applications/MAMP/htdocs/TurboCholest-rol/system/CodeIgniter.php(509): CodeIgniter\CodeIgniter->runController(Object(App\Controllers\ActivityController))
#11 /Applications/MAMP/htdocs/TurboCholest-rol/system/CodeIgniter.php(355): CodeIgniter\CodeIgniter->handleRequest(NULL, Object(Config\Cache), false)
#12 /Applications/MAMP/htdocs/TurboCholest-rol/system/Boot.php(325): CodeIgniter\CodeIgniter->run()
#13 /Applications/MAMP/htdocs/TurboCholest-rol/system/Boot.php(67): CodeIgniter\Boot::runCodeIgniter(Object(CodeIgniter\CodeIgniter))
#14 /Applications/MAMP/htdocs/TurboCholest-rol/public/index.php(56): CodeIgniter\Boot::bootWeb(Object(Config\Paths))
#15 /Applications/MAMP/htdocs/TurboCholest-rol/system/rewrite.php(44): require_once('/Applications/M...')
#16 {main}
CRITICAL - 2024-09-26 00:30:51 --> CodeIgniter\Database\Exceptions\DatabaseException: Table 'turbocholestrol.activities' doesn't exist
[Method: POST, Route: sauver-activite]
in SYSTEMPATH/Database/BaseConnection.php on line 688.
 1 SYSTEMPATH/Database/BaseBuilder.php(2340): CodeIgniter\Database\BaseConnection->query('INSERT INTO `activities` (`nom`, `calories_brulées_par_minute`) VALUES (:nom:, :calories_brulées_par_minute:)', [...], false)
 2 SYSTEMPATH/Model.php(394): CodeIgniter\Database\BaseBuilder->insert()
 3 SYSTEMPATH/BaseModel.php(840): CodeIgniter\Model->doInsert([...])
 4 SYSTEMPATH/Model.php(802): CodeIgniter\BaseModel->insert([...], false)
 5 SYSTEMPATH/BaseModel.php(751): CodeIgniter\Model->insert([...], false)
 6 APPPATH/Controllers/ActivityController.php(35): CodeIgniter\BaseModel->save([...])
 7 SYSTEMPATH/CodeIgniter.php(933): App\Controllers\ActivityController->save()
 8 SYSTEMPATH/CodeIgniter.php(509): CodeIgniter\CodeIgniter->runController(Object(App\Controllers\ActivityController))
 9 SYSTEMPATH/CodeIgniter.php(355): CodeIgniter\CodeIgniter->handleRequest(null, Object(Config\Cache), false)
10 SYSTEMPATH/Boot.php(325): CodeIgniter\CodeIgniter->run()
11 SYSTEMPATH/Boot.php(67): CodeIgniter\Boot::runCodeIgniter(Object(CodeIgniter\CodeIgniter))
12 FCPATH/index.php(56): CodeIgniter\Boot::bootWeb(Object(Config\Paths))
13 SYSTEMPATH/rewrite.php(44): require_once('/Applications/MAMP/htdocs/TurboCholest-rol/public/index.php')
CRITICAL - 2024-09-26 00:30:51 --> [Caused by] CodeIgniter\Database\Exceptions\DatabaseException: Table 'turbocholestrol.activities' doesn't exist
in SYSTEMPATH/Database/MySQLi/Connection.php on line 317.
 1 SYSTEMPATH/Database/BaseConnection.php(734): CodeIgniter\Database\MySQLi\Connection->execute('INSERT INTO `activities` (`nom`, `calories_brulées_par_minute`) VALUES (\'fevfe\', \'-5\')')
 2 SYSTEMPATH/Database/BaseConnection.php(648): CodeIgniter\Database\BaseConnection->simpleQuery('INSERT INTO `activities` (`nom`, `calories_brulées_par_minute`) VALUES (\'fevfe\', \'-5\')')
 3 SYSTEMPATH/Database/BaseBuilder.php(2340): CodeIgniter\Database\BaseConnection->query('INSERT INTO `activities` (`nom`, `calories_brulées_par_minute`) VALUES (:nom:, :calories_brulées_par_minute:)', [...], false)
 4 SYSTEMPATH/Model.php(394): CodeIgniter\Database\BaseBuilder->insert()
 5 SYSTEMPATH/BaseModel.php(840): CodeIgniter\Model->doInsert([...])
 6 SYSTEMPATH/Model.php(802): CodeIgniter\BaseModel->insert([...], false)
 7 SYSTEMPATH/BaseModel.php(751): CodeIgniter\Model->insert([...], false)
 8 APPPATH/Controllers/ActivityController.php(35): CodeIgniter\BaseModel->save([...])
 9 SYSTEMPATH/CodeIgniter.php(933): App\Controllers\ActivityController->save()
10 SYSTEMPATH/CodeIgniter.php(509): CodeIgniter\CodeIgniter->runController(Object(App\Controllers\ActivityController))
11 SYSTEMPATH/CodeIgniter.php(355): CodeIgniter\CodeIgniter->handleRequest(null, Object(Config\Cache), false)
12 SYSTEMPATH/Boot.php(325): CodeIgniter\CodeIgniter->run()
13 SYSTEMPATH/Boot.php(67): CodeIgniter\Boot::runCodeIgniter(Object(CodeIgniter\CodeIgniter))
14 FCPATH/index.php(56): CodeIgniter\Boot::bootWeb(Object(Config\Paths))
15 SYSTEMPATH/rewrite.php(44): require_once('/Applications/MAMP/htdocs/TurboCholest-rol/public/index.php')
CRITICAL - 2024-09-26 00:30:51 --> [Caused by] mysqli_sql_exception: Table 'turbocholestrol.activities' doesn't exist
in SYSTEMPATH/Database/MySQLi/Connection.php on line 312.
 1 SYSTEMPATH/Database/MySQLi/Connection.php(312): mysqli->query('INSERT INTO `activities` (`nom`, `calories_brulées_par_minute`) VALUES (\'fevfe\', \'-5\')', 0)
 2 SYSTEMPATH/Database/BaseConnection.php(734): CodeIgniter\Database\MySQLi\Connection->execute('INSERT INTO `activities` (`nom`, `calories_brulées_par_minute`) VALUES (\'fevfe\', \'-5\')')
 3 SYSTEMPATH/Database/BaseConnection.php(648): CodeIgniter\Database\BaseConnection->simpleQuery('INSERT INTO `activities` (`nom`, `calories_brulées_par_minute`) VALUES (\'fevfe\', \'-5\')')
 4 SYSTEMPATH/Database/BaseBuilder.php(2340): CodeIgniter\Database\BaseConnection->query('INSERT INTO `activities` (`nom`, `calories_brulées_par_minute`) VALUES (:nom:, :calories_brulées_par_minute:)', [...], false)
 5 SYSTEMPATH/Model.php(394): CodeIgniter\Database\BaseBuilder->insert()
 6 SYSTEMPATH/BaseModel.php(840): CodeIgniter\Model->doInsert([...])
 7 SYSTEMPATH/Model.php(802): CodeIgniter\BaseModel->insert([...], false)
 8 SYSTEMPATH/BaseModel.php(751): CodeIgniter\Model->insert([...], false)
 9 APPPATH/Controllers/ActivityController.php(35): CodeIgniter\BaseModel->save([...])
10 SYSTEMPATH/CodeIgniter.php(933): App\Controllers\ActivityController->save()
11 SYSTEMPATH/CodeIgniter.php(509): CodeIgniter\CodeIgniter->runController(Object(App\Controllers\ActivityController))
12 SYSTEMPATH/CodeIgniter.php(355): CodeIgniter\CodeIgniter->handleRequest(null, Object(Config\Cache), false)
13 SYSTEMPATH/Boot.php(325): CodeIgniter\CodeIgniter->run()
14 SYSTEMPATH/Boot.php(67): CodeIgniter\Boot::runCodeIgniter(Object(CodeIgniter\CodeIgniter))
15 FCPATH/index.php(56): CodeIgniter\Boot::bootWeb(Object(Config\Paths))
16 SYSTEMPATH/rewrite.php(44): require_once('/Applications/MAMP/htdocs/TurboCholest-rol/public/index.php')
